kotlin version: 2.2.10
error message: java.lang.RuntimeException: Exception while generating code for:
FUN name:rememberShade visibility:public modality:FINAL returnType:com.unitx.shade_core.core.ShadeCore
  VALUE_PARAMETER kind:Regular name:block index:0 type:@[ExtensionFunctionType] kotlin.Function1<com.unitx.shade_core.dsl.ShadeConfig, kotlin.Unit>
  annotations:
    Composable
  BLOCK_BODY
    VAR name:context type:android.content.Context [val]
      CALL 'public final fun <get-current> (): T of androidx.compose.runtime.CompositionLocal [inline] declared in androidx.compose.runtime.CompositionLocal' type=android.content.Context origin=GET_PROPERTY
        ARG <this>: TYPE_OP type=androidx.compose.runtime.CompositionLocal<T of androidx.compose.runtime.CompositionLocal> origin=IMPLICIT_CAST typeOperand=androidx.compose.runtime.CompositionLocal<T of androidx.compose.runtime.CompositionLocal>
          CALL 'public final fun <get-LocalContext> (): androidx.compose.runtime.ProvidableCompositionLocal<android.content.Context> declared in androidx.compose.ui.platform.AndroidCompositionLocals_androidKt' type=androidx.compose.runtime.ProvidableCompositionLocal<android.content.Context> origin=GET_PROPERTY
    VAR name:config type:com.unitx.shade_core.dsl.ShadeConfig [val]
      CALL 'public final fun remember <T> (calculation: @[DisallowComposableCalls] kotlin.Function0<T of androidx.compose.runtime.ComposablesKt.remember>): T of androidx.compose.runtime.ComposablesKt.remember [inline] declared in androidx.compose.runtime.ComposablesKt' type=com.unitx.shade_core.dsl.ShadeConfig origin=null
        TYPE_ARG T: com.unitx.shade_core.dsl.ShadeConfig
        ARG calculation: BLOCK type=kotlin.Function0<com.unitx.shade_core.dsl.ShadeConfig> origin=LAMBDA
          COMPOSITE type=kotlin.Unit origin=null
          FUNCTION_REFERENCE 'private final fun rememberShade$lambda$0 ($block: @[ExtensionFunctionType] kotlin.Function1<com.unitx.shade_core.dsl.ShadeConfig, kotlin.Unit>): com.unitx.shade_core.dsl.ShadeConfig declared in com.unitx.shade_core.compose.RememberShadeKt' type=kotlin.Function0<com.unitx.shade_core.dsl.ShadeConfig> origin=INLINE_LAMBDA reflectionTarget=null
            ARG $block: GET_VAR 'block: @[ExtensionFunctionType] kotlin.Function1<com.unitx.shade_core.dsl.ShadeConfig, kotlin.Unit> declared in com.unitx.shade_core.compose.RememberShadeKt.rememberShade' type=@[ExtensionFunctionType] kotlin.Function1<com.unitx.shade_core.dsl.ShadeConfig, kotlin.Unit> origin=null
    VAR name:permissionCallbacks type:com.unitx.shade_core.compose.PermissionCallbackHolder [val]
      CALL 'public final fun remember <T> (calculation: @[DisallowComposableCalls] kotlin.Function0<T of androidx.compose.runtime.ComposablesKt.remember>): T of androidx.compose.runtime.ComposablesKt.remember [inline] declared in androidx.compose.runtime.ComposablesKt' type=com.unitx.shade_core.compose.PermissionCallbackHolder origin=null
        TYPE_ARG T: com.unitx.shade_core.compose.PermissionCallbackHolder
        ARG calculation: BLOCK type=kotlin.Function0<com.unitx.shade_core.compose.PermissionCallbackHolder> origin=LAMBDA
          COMPOSITE type=kotlin.Unit origin=null
          FUNCTION_REFERENCE 'private final fun rememberShade$lambda$1 (): com.unitx.shade_core.compose.PermissionCallbackHolder declared in com.unitx.shade_core.compose.RememberShadeKt' type=kotlin.Function0<com.unitx.shade_core.compose.PermissionCallbackHolder> origin=INLINE_LAMBDA reflectionTarget=null
    VAR name:cameraPermLauncher type:androidx.activity.compose.ManagedActivityResultLauncher<kotlin.String, kotlin.Boolean> [val]
      CALL 'public final fun rememberLauncherForActivityResult <I, O> (contract: androidx.activity.result.contract.ActivityResultContract<I of androidx.activity.compose.ActivityResultRegistryKt.rememberLauncherForActivityResult, O of androidx.activity.compose.ActivityResultRegistryKt.rememberLauncherForActivityResult>, onResult: kotlin.Function1<O of androidx.activity.compose.ActivityResultRegistryKt.rememberLauncherForActivityResult, kotlin.Unit>): androidx.activity.compose.ManagedActivityResultLauncher<I of androidx.activity.compose.ActivityResultRegistryKt.rememberLauncherForActivityResult, O of androidx.activity.compose.ActivityResultRegistryKt.rememberLauncherForActivityResult> declared in androidx.activity.compose.ActivityResultRegistryKt' type=androidx.activity.compose.ManagedActivityResultLauncher<kotlin.String, kotlin.Boolean> origin=null
        TYPE_ARG I: kotlin.String
        TYPE_ARG O: kotlin.Boolean
        ARG contract: CONSTRUCTOR_CALL 'public constructor <init> () [primary] declared in androidx.activity.result.contract.ActivityResultContracts.RequestPermission' type=androidx.activity.result.contract.ActivityResultContracts.RequestPermission origin=null
        ARG onResult: BLOCK type=kotlin.Function1<kotlin.Boolean, kotlin.Unit> origin=LAMBDA
          COMPOSITE type=kotlin.Unit origin=null
          CALL 'public final fun <jvm-indy> <T> (dynamicCall: T of kotlin.jvm.internal.<jvm-indy>, bootstrapMethodHandle: kotlin.Any, vararg bootstrapMethodArguments: kotlin.Any): T of kotlin.jvm.internal.<jvm-indy> declared in kotlin.jvm.internal' type=kotlin.Function1<kotlin.Boolean, kotlin.Unit> origin=null
            TYPE_ARG T: kotlin.Function1<kotlin.Boolean, kotlin.Unit>
            ARG dynamicCall: CALL 'public final fun invoke (p0: com.unitx.shade_core.compose.PermissionCallbackHolder): kotlin.Function1<kotlin.Boolean, kotlin.Unit> declared in kotlin.jvm.internal.invokeDynamic' type=kotlin.Function1<kotlin.Boolean, kotlin.Unit> origin=null
              ARG p0: GET_VAR 'val permissionCallbacks: com.unitx.shade_core.compose.PermissionCallbackHolder [val] declared in com.unitx.shade_core.compose.RememberShadeKt.rememberShade' type=com.unitx.shade_core.compose.PermissionCallbackHolder origin=null
            ARG bootstrapMethodHandle: CALL 'public final fun <jvm-method-handle> (tag: kotlin.Int, owner: kotlin.String, name: kotlin.String, descriptor: kotlin.String, isInterface: kotlin.Boolean): kotlin.Any declared in kotlin.jvm.internal' type=kotlin.Any origin=null
              ARG tag: CONST Int type=kotlin.Int value=6
              ARG owner: CONST String type=kotlin.String value="java/lang/invoke/LambdaMetafactory"
              ARG name: CONST String type=kotlin.String value="metafactory"
              ARG descriptor: CONST String type=kotlin.String value="(Ljava/lang/invoke/MethodHandles$Lookup;Ljava/lang/String;Ljava/lang/invoke/MethodType;Ljava/lang/invoke/MethodType;Ljava/lang/invoke/MethodHandle;Ljava/lang/invoke/MethodType;)Ljava/lang/invoke/CallSite;"
              ARG isInterface: CONST Boolean type=kotlin.Boolean value=false
            ARG bootstrapMethodArguments: VARARG type=kotlin.Array<kotlin.Any> varargElementType=kotlin.Any
              CALL 'public final fun <jvm-original-method-type> (method: kotlin.Any): kotlin.Any declared in kotlin.jvm.internal' type=kotlin.Any origin=null
                ARG method: RAW_FUNCTION_REFERENCE 'public abstract fun invoke (p1: P1 of kotlin.Function1): R of kotlin.Function1 [operator] declared in kotlin.Function1' type=kotlin.Any
              RAW_FUNCTION_REFERENCE 'private final fun rememberShade$lambda$2 ($permissionCallbacks: com.unitx.shade_core.compose.PermissionCallbackHolder, granted: kotlin.Boolean): kotlin.Unit? declared in com.unitx.shade_core.compose.RememberShadeKt' type=kotlin.Any
              CALL 'public final fun <jvm-original-method-type> (method: kotlin.Any): kotlin.Any declared in kotlin.jvm.internal' type=kotlin.Any origin=null
                ARG method: RAW_FUNCTION_REFERENCE 'public abstract fun invoke (p1: kotlin.Boolean?): kotlin.Unit? [fake_override,operator] declared in kotlin.jvm.internal.invokeDynamic.<fake>' type=kotlin.Any
    VAR name:mediaPermLauncher type:androidx.activity.compose.ManagedActivityResultLauncher<kotlin.String, kotlin.Boolean> [val]
      CALL 'public final fun rememberLauncherForActivityResult <I, O> (contract: androidx.activity.result.contract.ActivityResultContract<I of androidx.activity.compose.ActivityResultRegistryKt.rememberLauncherForActivityResult, O of androidx.activity.compose.ActivityResultRegistryKt.rememberLauncherForActivityResult>, onResult: kotlin.Function1<O of androidx.activity.compose.ActivityResultRegistryKt.rememberLauncherForActivityResult, kotlin.Unit>): androidx.activity.compose.ManagedActivityResultLauncher<I of androidx.activity.compose.ActivityResultRegistryKt.rememberLauncherForActivityResult, O of androidx.activity.compose.ActivityResultRegistryKt.rememberLauncherForActivityResult> declared in androidx.activity.compose.ActivityResultRegistryKt' type=androidx.activity.compose.ManagedActivityResultLauncher<kotlin.String, kotlin.Boolean> origin=null
        TYPE_ARG I: kotlin.String
        TYPE_ARG O: kotlin.Boolean
        ARG contract: CONSTRUCTOR_CALL 'public constructor <init> () [primary] declared in androidx.activity.result.contract.ActivityResultContracts.RequestPermission' type=androidx.activity.result.contract.ActivityResultContracts.RequestPermission origin=null
        ARG onResult: BLOCK type=kotlin.Function1<kotlin.Boolean, kotlin.Unit> origin=LAMBDA
          COMPOSITE type=kotlin.Unit origin=null
          CALL 'public final fun <jvm-indy> <T> (dynamicCall: T of kotlin.jvm.internal.<jvm-indy>, bootstrapMethodHandle: kotlin.Any, vararg bootstrapMethodArguments: kotlin.Any): T of kotlin.jvm.internal.<jvm-indy> declared in kotlin.jvm.internal' type=kotlin.Function1<kotlin.Boolean, kotlin.Unit> origin=null
            TYPE_ARG T: kotlin.Function1<kotlin.Boolean, kotlin.Unit>
            ARG dynamicCall: CALL 'public final fun invoke (p0: com.unitx.shade_core.compose.PermissionCallbackHolder): kotlin.Function1<kotlin.Boolean, kotlin.Unit> declared in kotlin.jvm.internal.invokeDynamic' type=kotlin.Function1<kotlin.Boolean, kotlin.Unit> origin=null
              ARG p0: GET_VAR 'val permissionCallbacks: com.unitx.shade_core.compose.PermissionCallbackHolder [val] declared in com.unitx.shade_core.compose.RememberShadeKt.rememberShade' type=com.unitx.shade_core.compose.PermissionCallbackHolder origin=null
            ARG bootstrapMethodHandle: CALL 'public final fun <jvm-method-handle> (tag: kotlin.Int, owner: kotlin.String, name: kotlin.String, descriptor: kotlin.String, isInterface: kotlin.Boolean): kotlin.Any declared in kotlin.jvm.internal' type=kotlin.Any origin=null
              ARG tag: CONST Int type=kotlin.Int value=6
              ARG owner: CONST String type=kotlin.String value="java/lang/invoke/LambdaMetafactory"
              ARG name: CONST String type=kotlin.String value="metafactory"
              ARG descriptor: CONST String type=kotlin.String value="(Ljava/lang/invoke/MethodHandles$Lookup;Ljava/lang/String;Ljava/lang/invoke/MethodType;Ljava/lang/invoke/MethodType;Ljava/lang/invoke/MethodHandle;Ljava/lang/invoke/MethodType;)Ljava/lang/invoke/CallSite;"
              ARG isInterface: CONST Boolean type=kotlin.Boolean value=false
            ARG bootstrapMethodArguments: VARARG type=kotlin.Array<kotlin.Any> varargElementType=kotlin.Any
              CALL 'public final fun <jvm-original-method-type> (method: kotlin.Any): kotlin.Any declared in kotlin.jvm.internal' type=kotlin.Any origin=null
                ARG method: RAW_FUNCTION_REFERENCE 'public abstract fun invoke (p1: P1 of kotlin.Function1): R of kotlin.Function1 [operator] declared in kotlin.Function1' type=kotlin.Any
              RAW_FUNCTION_REFERENCE 'private final fun rememberShade$lambda$3 ($permissionCallbacks: com.unitx.shade_core.compose.PermissionCallbackHolder, granted: kotlin.Boolean): kotlin.Unit? declared in com.unitx.shade_core.compose.RememberShadeKt' type=kotlin.Any
              CALL 'public final fun <jvm-original-method-type> (method: kotlin.Any): kotlin.Any declared in kotlin.jvm.internal' type=kotlin.Any origin=null
                ARG method: RAW_FUNCTION_REFERENCE 'public abstract fun invoke (p1: kotlin.Boolean?): kotlin.Unit? [fake_override,operator] declared in kotlin.jvm.internal.invokeDynamic.<fake>' type=kotlin.Any
    VAR name:imageCameraCallbacks type:com.unitx.shade_core.compose.ResultCallbackHolder<kotlin.Boolean> [val]
      CALL 'public final fun remember <T> (calculation: @[DisallowComposableCalls] kotlin.Function0<T of androidx.compose.runtime.ComposablesKt.remember>): T of androidx.compose.runtime.ComposablesKt.remember [inline] declared in androidx.compose.runtime.ComposablesKt' type=com.unitx.shade_core.compose.ResultCallbackHolder<kotlin.Boolean> origin=null
        TYPE_ARG T: com.unitx.shade_core.compose.ResultCallbackHolder<kotlin.Boolean>
        ARG calculation: BLOCK type=kotlin.Function0<com.unitx.shade_core.compose.ResultCallbackHolder<kotlin.Boolean>> origin=LAMBDA
          COMPOSITE type=kotlin.Unit origin=null
          FUNCTION_REFERENCE 'private final fun rememberShade$lambda$4 (): com.unitx.shade_core.compose.ResultCallbackHolder<kotlin.Boolean> declared in com.unitx.shade_core.compose.RememberShadeKt' type=kotlin.Function0<com.unitx.shade_core.compose.ResultCallbackHolder<kotlin.Boolean>> origin=INLINE_LAMBDA reflectionTarget=null
    VAR name:imageCameraLauncher type:androidx.activity.compose.ManagedActivityResultLauncher<android.net.Uri, kotlin.Boolean> [val]
      CALL 'public final fun rememberLauncherForActivityResult <I, O> (contract: androidx.activity.result.contract.ActivityResultContract<I of androidx.activity.compose.ActivityResultRegistryKt.rememberLauncherForActivityResult, O of androidx.activity.compose.ActivityResultRegistryKt.rememberLauncherForActivityResult>, onResult: kotlin.Function1<O of androidx.activity.compose.ActivityResultRegistryKt.rememberLauncherForActivityResult, kotlin.Unit>): androidx.activity.compose.ManagedActivityResultLauncher<I of androidx.activity.compose.ActivityResultRegistryKt.rememberLauncherForActivityResult, O of androidx.activity.compose.ActivityResultRegistryKt.rememberLauncherForActivityResult> declared in androidx.activity.compose.ActivityResultRegistryKt' type=androidx.activity.compose.ManagedActivityResultLauncher<android.net.Uri, kotlin.Boolean> origin=null
        TYPE_ARG I: android.net.Uri
        TYPE_ARG O: kotlin.Boolean
        ARG contract: CONSTRUCTOR_CALL 'public constructor <init> () [primary] declared in androidx.activity.result.contract.ActivityResultContracts.TakePicture' type=androidx.activity.result.contract.ActivityResultContracts.TakePicture origin=null
        ARG onResult: BLOCK type=kotlin.Function1<kotlin.Boolean, kotlin.Unit> origin=LAMBDA
          COMPOSITE type=kotlin.Unit origin=null
          CALL 'public final fun <jvm-indy> <T> (dynamicCall: T of kotlin.jvm.internal.<jvm-indy>, bootstrapMethodHandle: kotlin.Any, vararg bootstrapMethodArguments: kotlin.Any): T of kotlin.jvm.internal.<jvm-indy> declared in kotlin.jvm.internal' type=kotlin.Function1<kotlin.Boolean, kotlin.Unit> origin=null
            TYPE_ARG T: kotlin.Function1<kotlin.Boolean, kotlin.Unit>
            ARG dynamicCall: CALL 'public final fun invoke (p0: com.unitx.shade_core.compose.ResultCallbackHolder<kotlin.Boolean>): kotlin.Function1<kotlin.Boolean, kotlin.Unit> declared in kotlin.jvm.internal.invokeDynamic' type=kotlin.Function1<kotlin.Boolean, kotlin.Unit> origin=null
              ARG p0: GET_VAR 'val imageCameraCallbacks: com.unitx.shade_core.compose.ResultCallbackHolder<kotlin.Boolean> [val] declared in com.unitx.shade_core.compose.RememberShadeKt.rememberShade' type=com.unitx.shade_core.compose.ResultCallbackHolder<kotlin.Boolean> origin=null
            ARG bootstrapMethodHandle: CALL 'public final fun <jvm-method-handle> (tag: kotlin.Int, owner: kotlin.String, name: kotlin.String, descriptor: kotlin.String, isInterface: kotlin.Boolean): kotlin.Any declared in kotlin.jvm.internal' type=kotlin.Any origin=null
              ARG tag: CONST Int type=kotlin.Int value=6
              ARG owner: CONST String type=kotlin.String value="java/lang/invoke/LambdaMetafactory"
              ARG name: CONST String type=kotlin.String value="metafactory"
              ARG descriptor: CONST String type=kotlin.String value="(Ljava/lang/invoke/MethodHandles$Lookup;Ljava/lang/String;Ljava/lang/invoke/MethodType;Ljava/lang/invoke/MethodType;Ljava/lang/invoke/MethodHandle;Ljava/lang/invoke/MethodType;)Ljava/lang/invoke/CallSite;"
              ARG isInterface: CONST Boolean type=kotlin.Boolean value=false
            ARG bootstrapMethodArguments: VARARG type=kotlin.Array<kotlin.Any> varargElementType=kotlin.Any
              CALL 'public final fun <jvm-original-method-type> (method: kotlin.Any): kotlin.Any declared in kotlin.jvm.internal' type=kotlin.Any origin=null
                ARG method: RAW_FUNCTION_REFERENCE 'public abstract fun invoke (p1: P1 of kotlin.Function1): R of kotlin.Function1 [operator] declared in kotlin.Function1' type=kotlin.Any
              RAW_FUNCTION_REFERENCE 'private final fun rememberShade$lambda$5 ($imageCameraCallbacks: com.unitx.shade_core.compose.ResultCallbackHolder<kotlin.Boolean>, success: kotlin.Boolean): kotlin.Unit? declared in com.unitx.shade_core.compose.RememberShadeKt' type=kotlin.Any
              CALL 'public final fun <jvm-original-method-type> (method: kotlin.Any): kotlin.Any declared in kotlin.jvm.internal' type=kotlin.Any origin=null
                ARG method: RAW_FUNCTION_REFERENCE 'public abstract fun invoke (p1: kotlin.Boolean?): kotlin.Unit? [fake_override,operator] declared in kotlin.jvm.internal.invokeDynamic.<fake>' type=kotlin.Any
    VAR name:imageGallerySingleCallbacks type:com.unitx.shade_core.compose.ResultCallbackHolder<android.net.Uri?> [val]
      CALL 'public final fun remember <T> (calculation: @[DisallowComposableCalls] kotlin.Function0<T of androidx.compose.runtime.ComposablesKt.remember>): T of androidx.compose.runtime.ComposablesKt.remember [inline] declared in androidx.compose.runtime.ComposablesKt' type=com.unitx.shade_core.compose.ResultCallbackHolder<android.net.Uri?> origin=null
        TYPE_ARG T: com.unitx.shade_core.compose.ResultCallbackHolder<android.net.Uri?>
        ARG calculation: BLOCK type=kotlin.Function0<com.unitx.shade_core.compose.ResultCallbackHolder<android.net.Uri?>> origin=LAMBDA
          COMPOSITE type=kotlin.Unit origin=null
          FUNCTION_REFERENCE 'private final fun rememberShade$lambda$6 (): com.unitx.shade_core.compose.ResultCallbackHolder<android.net.Uri?> declared in com.unitx.shade_core.compose.RememberShadeKt' type=kotlin.Function0<com.unitx.shade_core.compose.ResultCallbackHolder<android.net.Uri?>> origin=INLINE_LAMBDA reflectionTarget=null
    VAR name:imageGallerySingleLauncher type:androidx.activity.compose.ManagedActivityResultLauncher<androidx.activity.result.PickVisualMediaRequest, android.net.Uri?> [val]
      CALL 'public final fun rememberLauncherForActivityResult <I, O> (contract: androidx.activity.result.contract.ActivityResultContract<I of androidx.activity.compose.ActivityResultRegistryKt.rememberLauncherForActivityResult, O of androidx.activity.compose.ActivityResultRegistryKt.rememberLauncherForActivityResult>, onResult: kotlin.Function1<O of androidx.activity.compose.ActivityResultRegistryKt.rememberLauncherForActivityResult, kotlin.Unit>): androidx.activity.compose.ManagedActivityResultLauncher<I of androidx.activity.compose.ActivityResultRegistryKt.rememberLauncherForActivityResult, O of androidx.activity.compose.ActivityResultRegistryKt.rememberLauncherForActivityResult> declared in androidx.activity.compose.ActivityResultRegistryKt' type=androidx.activity.compose.ManagedActivityResultLauncher<androidx.activity.result.PickVisualMediaRequest, android.net.Uri?> origin=null
        TYPE_ARG I: androidx.activity.result.PickVisualMediaRequest
        TYPE_ARG O: android.net.Uri?
        ARG contract: CONSTRUCTOR_CALL 'public constructor <init> () [primary] declared in androidx.activity.result.contract.ActivityResultContracts.PickVisualMedia' type=androidx.activity.result.contract.ActivityResultContracts.PickVisualMedia origin=null
        ARG onResult: BLOCK type=kotlin.Function1<android.net.Uri?, kotlin.Unit> origin=LAMBDA
          COMPOSITE type=kotlin.Unit origin=null
          CALL 'public final fun <jvm-indy> <T> (dynamicCall: T of kotlin.jvm.internal.<jvm-indy>, bootstrapMethodHandle: kotlin.Any, vararg bootstrapMethodArguments: kotlin.Any): T of kotlin.jvm.internal.<jvm-indy> declared in kotlin.jvm.internal' type=kotlin.Function1<android.net.Uri?, kotlin.Unit> origin=null
            TYPE_ARG T: kotlin.Function1<android.net.Uri?, kotlin.Unit>
            ARG dynamicCall: CALL 'public final fun invoke (p0: com.unitx.shade_core.compose.ResultCallbackHolder<android.net.Uri?>): kotlin.Function1<android.net.Uri?, kotlin.Unit> declared in kotlin.jvm.internal.invokeDynamic' type=kotlin.Function1<android.net.Uri?, kotlin.Unit> origin=null
              ARG p0: GET_VAR 'val imageGallerySingleCallbacks: com.unitx.shade_core.compose.ResultCallbackHolder<android.net.Uri?> [val] declared in com.unitx.shade_core.compose.RememberShadeKt.rememberShade' type=com.unitx.shade_core.compose.ResultCallbackHolder<android.net.Uri?> origin=null
            ARG bootstrapMethodHandle: CALL 'public final fun <jvm-method-handle> (tag: kotlin.Int, owner: kotlin.String, name: kotlin.String, descriptor: kotlin.String, isInterface: kotlin.Boolean): kotlin.Any declared in kotlin.jvm.internal' type=kotlin.Any origin=null
              ARG tag: CONST Int type=kotlin.Int value=6
              ARG owner: CONST String type=kotlin.String value="java/lang/invoke/LambdaMetafactory"
              ARG name: CONST String type=kotlin.String value="metafactory"
              ARG descriptor: CONST String type=kotlin.String value="(Ljava/lang/invoke/MethodHandles$Lookup;Ljava/lang/String;Ljava/lang/invoke/MethodType;Ljava/lang/invoke/MethodType;Ljava/lang/invoke/MethodHandle;Ljava/lang/invoke/MethodType;)Ljava/lang/invoke/CallSite;"
              ARG isInterface: CONST Boolean type=kotlin.Boolean value=false
            ARG bootstrapMethodArguments: VARARG type=kotlin.Array<kotlin.Any> varargElementType=kotlin.Any
              CALL 'public final fun <jvm-original-method-type> (method: kotlin.Any): kotlin.Any declared in kotlin.jvm.internal' type=kotlin.Any origin=null
                ARG method: RAW_FUNCTION_REFERENCE 'public abstract fun invoke (p1: P1 of kotlin.Function1): R of kotlin.Function1 [operator] declared in kotlin.Function1' type=kotlin.Any
              RAW_FUNCTION_REFERENCE 'private final fun rememberShade$lambda$7 ($imageGallerySingleCallbacks: com.unitx.shade_core.compose.ResultCallbackHolder<android.net.Uri?>, uri: android.net.Uri?): kotlin.Unit? declared in com.unitx.shade_core.compose.RememberShadeKt' type=kotlin.Any
              CALL 'public final fun <jvm-original-method-type> (method: kotlin.Any): kotlin.Any declared in kotlin.jvm.internal' type=kotlin.Any origin=null
                ARG method: RAW_FUNCTION_REFERENCE 'public abstract fun invoke (p1: android.net.Uri?): kotlin.Unit? [fake_override,operator] declared in kotlin.jvm.internal.invokeDynamic.<fake>' type=kotlin.Any
    VAR name:imageGalleryMultiCallbacks type:com.unitx.shade_core.compose.ResultCallbackHolder<kotlin.collections.List<android.net.Uri>> [val]
      CALL 'public final fun remember <T> (calculation: @[DisallowComposableCalls] kotlin.Function0<T of androidx.compose.runtime.ComposablesKt.remember>): T of androidx.compose.runtime.ComposablesKt.remember [inline] declared in androidx.compose.runtime.ComposablesKt' type=com.unitx.shade_core.compose.ResultCallbackHolder<kotlin.collections.List<android.net.Uri>> origin=null
        TYPE_ARG T: com.unitx.shade_core.compose.ResultCallbackHolder<kotlin.collections.List<android.net.Uri>>
        ARG calculation: BLOCK type=kotlin.Function0<com.unitx.shade_core.compose.ResultCallbackHolder<kotlin.collections.List<android.net.Uri>>> origin=LAMBDA
          COMPOSITE type=kotlin.Unit origin=null
          FUNCTION_REFERENCE 'private final fun rememberShade$lambda$8 (): com.unitx.shade_core.compose.ResultCallbackHolder<kotlin.collections.List<android.net.Uri>> declared in com.unitx.shade_core.compose.RememberShadeKt' type=kotlin.Function0<com.unitx.shade_core.compose.ResultCallbackHolder<kotlin.collections.List<android.net.Uri>>> origin=INLINE_LAMBDA reflectionTarget=null
    VAR name:imageGalleryMultiLauncher type:androidx.activity.compose.ManagedActivityResultLauncher<androidx.activity.result.PickVisualMediaRequest, kotlin.collections.List<@[JvmSuppressWildcards(suppress = <null>)] android.net.Uri>> [val]
      CALL 'public final fun rememberLauncherForActivityResult <I, O> (contract: androidx.activity.result.contract.ActivityResultContract<I of androidx.activity.compose.ActivityResultRegistryKt.rememberLauncherForActivityResult, O of androidx.activity.compose.ActivityResultRegistryKt.rememberLauncherForActivityResult>, onResult: kotlin.Function1<O of androidx.activity.compose.ActivityResultRegistryKt.rememberLauncherForActivityResult, kotlin.Unit>): androidx.activity.compose.ManagedActivityResultLauncher<I of androidx.activity.compose.ActivityResultRegistryKt.rememberLauncherForActivityResult, O of androidx.activity.compose.ActivityResultRegistryKt.rememberLauncherForActivityResult> declared in androidx.activity.compose.ActivityResultRegistryKt' type=androidx.activity.compose.ManagedActivityResultLauncher<androidx.activity.result.PickVisualMediaRequest, kotlin.collections.List<@[JvmSuppressWildcards(suppress = <null>)] android.net.Uri>> origin=null
        TYPE_ARG I: androidx.activity.result.PickVisualMediaRequest
        TYPE_ARG O: kotlin.collections.List<@[JvmSuppressWildcards(suppress = <null>)] android.net.Uri>
        ARG contract: CONSTRUCTOR_CALL 'public constructor <init> (maxItems: kotlin.Int) [primary] declared in androidx.activity.result.contract.ActivityResultContracts.PickMultipleVisualMedia' type=androidx.activity.result.contract.ActivityResultContracts.PickMultipleVisualMedia origin=null
          ARG maxItems: BLOCK type=kotlin.Int origin=FOLDED_ELVIS
            WHEN type=kotlin.Int origin=FOLDED_ELVIS
              BRANCH
                if: CALL 'public final fun ANDAND (arg0: kotlin.Boolean, arg1: kotlin.Boolean): kotlin.Boolean declared in kotlin.internal.ir' type=kotlin.Boolean origin=null
                  ARG arg0: CALL 'public final fun ANDAND (arg0: kotlin.Boolean, arg1: kotlin.Boolean): kotlin.Boolean declared in kotlin.internal.ir' type=kotlin.Boolean origin=null
                    ARG arg0: CALL 'public final fun ANDAND (arg0: kotlin.Boolean, arg1: kotlin.Boolean): kotlin.Boolean declared in kotlin.internal.ir' type=kotlin.Boolean origin=null
                      ARG arg0: COMPOSITE type=kotlin.Boolean origin=null
                        VAR IR_TEMPORARY_VARIABLE name:tmp0_safe_receiver type:com.unitx.shade_core.dsl.ImageScope? [val]
                          CALL 'internal final fun <get-image> (): com.unitx.shade_core.dsl.ImageScope? declared in com.unitx.shade_core.dsl.ShadeConfig' type=com.unitx.shade_core.dsl.ImageScope? origin=GET_PROPERTY
                            ARG <this>: GET_VAR 'val config: com.unitx.shade_core.dsl.ShadeConfig [val] declared in com.unitx.shade_core.compose.RememberShadeKt.rememberShade' type=com.unitx.shade_core.dsl.ShadeConfig origin=null
                        CALL 'public final fun not (): kotlin.Boolean [operator] declared in kotlin.Boolean' type=kotlin.Boolean origin=null
                          ARG <this>: CALL 'public final fun EQEQ (arg0: kotlin.Any?, arg1: kotlin.Any?): kotlin.Boolean declared in kotlin.internal.ir' type=kotlin.Boolean origin=null
                            ARG arg0: GET_VAR 'val tmp0_safe_receiver: com.unitx.shade_core.dsl.ImageScope? [val] declared in com.unitx.shade_core.compose.RememberShadeKt.rememberShade' type=com.unitx.shade_core.dsl.ImageScope? origin=null
                            ARG arg1: CONST Null type=kotlin.Nothing? value=null
                      ARG arg1: COMPOSITE type=kotlin.Boolean origin=null
                        VAR IR_TEMPORARY_VARIABLE name:tmp1_safe_receiver type:com.unitx.shade_core.dsl.GalleryConfig? [val]
                          CALL 'internal final fun <get-gallery> (): com.unitx.shade_core.dsl.GalleryConfig? declared in com.unitx.shade_core.dsl.ImageScope' type=com.unitx.shade_core.dsl.GalleryConfig? origin=GET_PROPERTY
                            ARG <this>: GET_VAR 'val tmp0_safe_receiver: com.unitx.shade_core.dsl.ImageScope? [val] declared in com.unitx.shade_core.compose.RememberShadeKt.rememberShade' type=com.unitx.shade_core.dsl.ImageScope? origin=null
                        CALL 'public final fun not (): kotlin.Boolean [operator] declared in kotlin.Boolean' type=kotlin.Boolean origin=null
                          ARG <this>: CALL 'public final fun EQEQ (arg0: kotlin.Any?, arg1: kotlin.Any?): kotlin.Boolean declared in kotlin.internal.ir' type=kotlin.Boolean origin=null
                            ARG arg0: GET_VAR 'val tmp1_safe_receiver: com.unitx.shade_core.dsl.GalleryConfig? [val] declared in com.unitx.shade_core.compose.RememberShadeKt.rememberShade' type=com.unitx.shade_core.dsl.GalleryConfig? origin=null
                            ARG arg1: CONST Null type=kotlin.Nothing? value=null
                    ARG arg1: COMPOSITE type=kotlin.Boolean origin=null
                      VAR IR_TEMPORARY_VARIABLE name:tmp2_safe_receiver type:kotlin.Int [val]
                        CALL 'internal final fun <get-maxItems> (): kotlin.Int declared in com.unitx.shade_core.dsl.GalleryConfig' type=kotlin.Int origin=GET_PROPERTY
                          ARG <this>: GET_VAR 'val tmp1_safe_receiver: com.unitx.shade_core.dsl.GalleryConfig? [val] declared in com.unitx.shade_core.compose.RememberShadeKt.rememberShade' type=com.unitx.shade_core.dsl.GalleryConfig? origin=null
                      CALL 'public final fun not (): kotlin.Boolean [operator] declared in kotlin.Boolean' type=kotlin.Boolean origin=null
                        ARG <this>: CALL 'public final fun EQEQ (arg0: kotlin.Any?, arg1: kotlin.Any?): kotlin.Boolean declared in kotlin.internal.ir' type=kotlin.Boolean origin=null
                          ARG arg0: GET_VAR 'val tmp2_safe_receiver: kotlin.Int [val] declared in com.unitx.shade_core.compose.RememberShadeKt.rememberShade' type=kotlin.Int origin=null
                          ARG arg1: CONST Null type=kotlin.Nothing? value=null
                  ARG arg1: COMPOSITE type=kotlin.Boolean origin=null
                    VAR IR_TEMPORARY_VARIABLE name:tmp3_elvis_lhs type:kotlin.Int [val]
                      CALL 'public final fun coerceAtLeast (<this>: kotlin.Int, minimumValue: kotlin.Int): kotlin.Int declared in kotlin.ranges.RangesKt' type=kotlin.Int origin=null
                        ARG <this>: GET_VAR 'val tmp2_safe_receiver: kotlin.Int [val] declared in com.unitx.shade_core.compose.RememberShadeKt.rememberShade' type=kotlin.Int? origin=null
                        ARG minimumValue: CONST Int type=kotlin.Int value=2
                    CALL 'public final fun not (): kotlin.Boolean [operator] declared in kotlin.Boolean' type=kotlin.Boolean origin=null
                      ARG <this>: CALL 'public final fun EQEQ (arg0: kotlin.Any?, arg1: kotlin.Any?): kotlin.Boolean declared in kotlin.internal.ir' type=kotlin.Boolean origin=null
                        ARG arg0: GET_VAR 'val tmp3_elvis_lhs: kotlin.Int [val] declared in com.unitx.shade_core.compose.RememberShadeKt.rememberShade' type=kotlin.Int origin=null
                        ARG arg1: CONST Null type=kotlin.Nothing? value=null
                then: GET_VAR 'val tmp3_elvis_lhs: kotlin.Int [val] declared in com.unitx.shade_core.compose.RememberShadeKt.rememberShade' type=kotlin.Int origin=null
              BRANCH
                if: CONST Boolean type=kotlin.Boolean value=true
                then: CONST Int type=kotlin.Int value=2
        ARG onResult: BLOCK type=kotlin.Function1<kotlin.collections.List<@[JvmSuppressWildcards(suppress = <null>)] android.net.Uri>, kotlin.Unit> origin=LAMBDA
          COMPOSITE type=kotlin.Unit origin=null
          CALL 'public final fun <jvm-indy> <T> (dynamicCall: T of kotlin.jvm.internal.<jvm-indy>, bootstrapMethodHandle: kotlin.Any, vararg bootstrapMethodArguments: kotlin.Any): T of kotlin.jvm.internal.<jvm-indy> declared in kotlin.jvm.internal' type=kotlin.Function1<kotlin.collections.List<@[JvmSuppressWildcards(suppress = <null>)] android.net.Uri>, kotlin.Unit> origin=null
            TYPE_ARG T: kotlin.Function1<kotlin.collections.List<@[JvmSuppressWildcards(suppress = <null>)] android.net.Uri>, kotlin.Unit>
            ARG dynamicCall: CALL 'public final fun invoke (p0: com.unitx.shade_core.compose.ResultCallbackHolder<kotlin.collections.List<android.net.Uri>>): kotlin.Function1<kotlin.collections.List<@[JvmSuppressWildcards(suppress = <null>)] android.net.Uri>, kotlin.Unit> declared in kotlin.jvm.internal.invokeDynamic' type=kotlin.Function1<kotlin.collections.List<@[JvmSuppressWildcards(suppress = <null>)] android.net.Uri>, kotlin.Unit> origin=null
              ARG p0: GET_VAR 'val imageGalleryMultiCallbacks: com.unitx.shade_core.compose.ResultCallbackHolder<kotlin.collections.List<android.net.Uri>> [val] declared in com.unitx.shade_core.compose.RememberShadeKt.rememberShade' type=com.unitx.shade_core.compose.ResultCallbackHolder<kotlin.collections.List<android.net.Uri>> origin=null
            ARG bootstrapMethodHandle: CALL 'public final fun <jvm-method-handle> (tag: kotlin.Int, owner: kotlin.String, name: kotlin.String, descriptor: kotlin.String, isInterface: kotlin.Boolean): kotlin.Any declared in kotlin.jvm.internal' type=kotlin.Any origin=null
              ARG tag: CONST Int type=kotlin.Int value=6
              ARG owner: CONST String type=kotlin.String value="java/lang/invoke/LambdaMetafactory"
              ARG name: CONST String type=kotlin.String value="metafactory"
              ARG descriptor: CONST String type=kotlin.String value="(Ljava/lang/invoke/MethodHandles$Lookup;Ljava/lang/String;Ljava/lang/invoke/MethodType;Ljava/lang/invoke/MethodType;Ljava/lang/invoke/MethodHandle;Ljava/lang/invoke/MethodType;)Ljava/lang/invoke/CallSite;"
              ARG isInterface: CONST Boolean type=kotlin.Boolean value=false
            ARG bootstrapMethodArguments: VARARG type=kotlin.Array<kotlin.Any> varargElementType=kotlin.Any
              CALL 'public final fun <jvm-original-method-type> (method: kotlin.Any): kotlin.Any declared in kotlin.jvm.internal' type=kotlin.Any origin=null
                ARG method: RAW_FUNCTION_REFERENCE 'public abstract fun invoke (p1: P1 of kotlin.Function1): R of kotlin.Function1 [operator] declared in kotlin.Function1' type=kotlin.Any
              RAW_FUNCTION_REFERENCE 'private final fun rememberShade$lambda$9 ($imageGalleryMultiCallbacks: com.unitx.shade_core.compose.ResultCallbackHolder<kotlin.collections.List<android.net.Uri>>, uris: kotlin.collections.List<@[JvmSuppressWildcards(suppress = <null>)] android.net.Uri>): kotlin.Unit? declared in com.unitx.shade_core.compose.RememberShadeKt' type=kotlin.Any
              CALL 'public final fun <jvm-original-method-type> (method: kotlin.Any): kotlin.Any declared in kotlin.jvm.internal' type=kotlin.Any origin=null
                ARG method: RAW_FUNCTION_REFERENCE 'public abstract fun invoke (p1: kotlin.collections.List<@[JvmSuppressWildcards(suppress = <null>)] android.net.Uri>): kotlin.Unit? [fake_override,operator] declared in kotlin.jvm.internal.invokeDynamic.<fake>' type=kotlin.Any
    VAR name:videoCameraCallbacks type:com.unitx.shade_core.compose.ResultCallbackHolder<kotlin.Boolean> [val]
      CALL 'public final fun remember <T> (calculation: @[DisallowComposableCalls] kotlin.Function0<T of androidx.compose.runtime.ComposablesKt.remember>): T of androidx.compose.runtime.ComposablesKt.remember [inline] declared in androidx.compose.runtime.ComposablesKt' type=com.unitx.shade_core.compose.ResultCallbackHolder<kotlin.Boolean> origin=null
        TYPE_ARG T: com.unitx.shade_core.compose.ResultCallbackHolder<kotlin.Boolean>
        ARG calculation: BLOCK type=kotlin.Function0<com.unitx.shade_core.compose.ResultCallbackHolder<kotlin.Boolean>> origin=LAMBDA
          COMPOSITE type=kotlin.Unit origin=null
          FUNCTION_REFERENCE 'private final fun rememberShade$lambda$10 (): com.unitx.shade_core.compose.ResultCallbackHolder<kotlin.Boolean> declared in com.unitx.shade_core.compose.RememberShadeKt' type=kotlin.Function0<com.unitx.shade_core.compose.ResultCallbackHolder<kotlin.Boolean>> origin=INLINE_LAMBDA reflectionTarget=null
    VAR name:videoCameraLauncher type:androidx.activity.compose.ManagedActivityResultLauncher<android.net.Uri, kotlin.Boolean> [val]
      CALL 'public final fun rememberLauncherForActivityResult <I, O> (contract: androidx.activity.result.contract.ActivityResultContract<I of androidx.activity.compose.ActivityResultRegistryKt.rememberLauncherForActivityResult, O of androidx.activity.compose.ActivityResultRegistryKt.rememberLauncherForActivityResult>, onResult: kotlin.Function1<O of androidx.activity.compose.ActivityResultRegistryKt.rememberLauncherForActivityResult, kotlin.Unit>): androidx.activity.compose.ManagedActivityResultLauncher<I of androidx.activity.compose.ActivityResultRegistryKt.rememberLauncherForActivityResult, O of androidx.activity.compose.ActivityResultRegistryKt.rememberLauncherForActivityResult> declared in androidx.activity.compose.ActivityResultRegistryKt' type=androidx.activity.compose.ManagedActivityResultLauncher<android.net.Uri, kotlin.Boolean> origin=null
        TYPE_ARG I: android.net.Uri
        TYPE_ARG O: kotlin.Boolean
        ARG contract: CONSTRUCTOR_CALL 'public constructor <init> () [primary] declared in androidx.activity.result.contract.ActivityResultContracts.CaptureVideo' type=androidx.activity.result.contract.ActivityResultContracts.CaptureVideo origin=null
        ARG onResult: BLOCK type=kotlin.Function1<kotlin.Boolean, kotlin.Unit> origin=LAMBDA
          COMPOSITE type=kotlin.Unit origin=null
          CALL 'public final fun <jvm-indy> <T> (dynamicCall: T of kotlin.jvm.internal.<jvm-indy>, bootstrapMethodHandle: kotlin.Any, vararg bootstrapMethodArguments: kotlin.Any): T of kotlin.jvm.internal.<jvm-indy> declared in kotlin.jvm.internal' type=kotlin.Function1<kotlin.Boolean, kotlin.Unit> origin=null
            TYPE_ARG T: kotlin.Function1<kotlin.Boolean, kotlin.Unit>
            ARG dynamicCall: CALL 'public final fun invoke (p0: com.unitx.shade_core.compose.ResultCallbackHolder<kotlin.Boolean>): kotlin.Function1<kotlin.Boolean, kotlin.Unit> declared in kotlin.jvm.internal.invokeDynamic' type=kotlin.Function1<kotlin.Boolean, kotlin.Unit> origin=null
              ARG p0: GET_VAR 'val videoCameraCallbacks: com.unitx.shade_core.compose.ResultCallbackHolder<kotlin.Boolean> [val] declared in com.unitx.shade_core.compose.RememberShadeKt.rememberShade' type=com.unitx.shade_core.compose.ResultCallbackHolder<kotlin.Boolean> origin=null
            ARG bootstrapMethodHandle: CALL 'public final fun <jvm-method-handle> (tag: kotlin.Int, owner: kotlin.String, name: kotlin.String, descriptor: kotlin.String, isInterface: kotlin.Boolean): kotlin.Any declared in kotlin.jvm.internal' type=kotlin.Any origin=null
              ARG tag: CONST Int type=kotlin.Int value=6
              ARG owner: CONST String type=kotlin.String value="java/lang/invoke/LambdaMetafactory"
              ARG name: CONST String type=kotlin.String value="metafactory"
              ARG descriptor: CONST String type=kotlin.String value="(Ljava/lang/invoke/MethodHandles$Lookup;Ljava/lang/String;Ljava/lang/invoke/MethodType;Ljava/lang/invoke/MethodType;Ljava/lang/invoke/MethodHandle;Ljava/lang/invoke/MethodType;)Ljava/lang/invoke/CallSite;"
              ARG isInterface: CONST Boolean type=kotlin.Boolean value=false
            ARG bootstrapMethodArguments: VARARG type=kotlin.Array<kotlin.Any> varargElementType=kotlin.Any
              CALL 'public final fun <jvm-original-method-type> (method: kotlin.Any): kotlin.Any declared in kotlin.jvm.internal' type=kotlin.Any origin=null
                ARG method: RAW_FUNCTION_REFERENCE 'public abstract fun invoke (p1: P1 of kotlin.Function1): R of kotlin.Function1 [operator] declared in kotlin.Function1' type=kotlin.Any
              RAW_FUNCTION_REFERENCE 'private final fun rememberShade$lambda$11 ($videoCameraCallbacks: com.unitx.shade_core.compose.ResultCallbackHolder<kotlin.Boolean>, success: kotlin.Boolean): kotlin.Unit? declared in com.unitx.shade_core.compose.RememberShadeKt' type=kotlin.Any
              CALL 'public final fun <jvm-original-method-type> (method: kotlin.Any): kotlin.Any declared in kotlin.jvm.internal' type=kotlin.Any origin=null
                ARG method: RAW_FUNCTION_REFERENCE 'public abstract fun invoke (p1: kotlin.Boolean?): kotlin.Unit? [fake_override,operator] declared in kotlin.jvm.internal.invokeDynamic.<fake>' type=kotlin.Any
    VAR name:videoGallerySingleCallbacks type:com.unitx.shade_core.compose.ResultCallbackHolder<android.net.Uri?> [val]
      CALL 'public final fun remember <T> (calculation: @[DisallowComposableCalls] kotlin.Function0<T of androidx.compose.runtime.ComposablesKt.remember>): T of androidx.compose.runtime.ComposablesKt.remember [inline] declared in androidx.compose.runtime.ComposablesKt' type=com.unitx.shade_core.compose.ResultCallbackHolder<android.net.Uri?> origin=null
        TYPE_ARG T: com.unitx.shade_core.compose.ResultCallbackHolder<android.net.Uri?>
        ARG calculation: BLOCK type=kotlin.Function0<com.unitx.shade_core.compose.ResultCallbackHolder<android.net.Uri?>> origin=LAMBDA
          COMPOSITE type=kotlin.Unit origin=null
          FUNCTION_REFERENCE 'private final fun rememberShade$lambda$12 (): com.unitx.shade_core.compose.ResultCallbackHolder<android.net.Uri?> declared in com.unitx.shade_core.compose.RememberShadeKt' type=kotlin.Function0<com.unitx.shade_core.compose.ResultCallbackHolder<android.net.Uri?>> origin=INLINE_LAMBDA reflectionTarget=null
    VAR name:videoGallerySingleLauncher type:androidx.activity.compose.ManagedActivityResultLauncher<androidx.activity.result.PickVisualMediaRequest, android.net.Uri?> [val]
      CALL 'public final fun rememberLauncherForActivityResult <I, O> (contract: androidx.activity.result.contract.ActivityResultContract<I of androidx.activity.compose.ActivityResultRegistryKt.rememberLauncherForActivityResult, O of androidx.activity.compose.ActivityResultRegistryKt.rememberLauncherForActivityResult>, onResult: kotlin.Function1<O of androidx.activity.compose.ActivityResultRegistryKt.rememberLauncherForActivityResult, kotlin.Unit>): androidx.activity.compose.ManagedActivityResultLauncher<I of androidx.activity.compose.ActivityResultRegistryKt.rememberLauncherForActivityResult, O of androidx.activity.compose.ActivityResultRegistryKt.rememberLauncherForActivityResult> declared in androidx.activity.compose.ActivityResultRegistryKt' type=androidx.activity.compose.ManagedActivityResultLauncher<androidx.activity.result.PickVisualMediaRequest, android.net.Uri?> origin=null
        TYPE_ARG I: androidx.activity.result.PickVisualMediaRequest
        TYPE_ARG O: android.net.Uri?
        ARG contract: CONSTRUCTOR_CALL 'public constructor <init> () [primary] declared in androidx.activity.result.contract.ActivityResultContracts.PickVisualMedia' type=androidx.activity.result.contract.ActivityResultContracts.PickVisualMedia origin=null
        ARG onResult: BLOCK type=kotlin.Function1<android.net.Uri?, kotlin.Unit> origin=LAMBDA
          COMPOSITE type=kotlin.Unit origin=null
          CALL 'public final fun <jvm-indy> <T> (dynamicCall: T of kotlin.jvm.internal.<jvm-indy>, bootstrapMethodHandle: kotlin.Any, vararg bootstrapMethodArguments: kotlin.Any): T of kotlin.jvm.internal.<jvm-indy> declared in kotlin.jvm.internal' type=kotlin.Function1<android.net.Uri?, kotlin.Unit> origin=null
            TYPE_ARG T: kotlin.Function1<android.net.Uri?, kotlin.Unit>
            ARG dynamicCall: CALL 'public final fun invoke (p0: com.unitx.shade_core.compose.ResultCallbackHolder<android.net.Uri?>): kotlin.Function1<android.net.Uri?, kotlin.Unit> declared in kotlin.jvm.internal.invokeDynamic' type=kotlin.Function1<android.net.Uri?, kotlin.Unit> origin=null
              ARG p0: GET_VAR 'val videoGallerySingleCallbacks: com.unitx.shade_core.compose.ResultCallbackHolder<android.net.Uri?> [val] declared in com.unitx.shade_core.compose.RememberShadeKt.rememberShade' type=com.unitx.shade_core.compose.ResultCallbackHolder<android.net.Uri?> origin=null
            ARG bootstrapMethodHandle: CALL 'public final fun <jvm-method-handle> (tag: kotlin.Int, owner: kotlin.String, name: kotlin.String, descriptor: kotlin.String, isInterface: kotlin.Boolean): kotlin.Any declared in kotlin.jvm.internal' type=kotlin.Any origin=null
              ARG tag: CONST Int type=kotlin.Int value=6
              ARG owner: CONST String type=kotlin.String value="java/lang/invoke/LambdaMetafactory"
              ARG name: CONST String type=kotlin.String value="metafactory"
              ARG descriptor: CONST String type=kotlin.String value="(Ljava/lang/invoke/MethodHandles$Lookup;Ljava/lang/String;Ljava/lang/invoke/MethodType;Ljava/lang/invoke/MethodType;Ljava/lang/invoke/MethodHandle;Ljava/lang/invoke/MethodType;)Ljava/lang/invoke/CallSite;"
              ARG isInterface: CONST Boolean type=kotlin.Boolean value=false
            ARG bootstrapMethodArguments: VARARG type=kotlin.Array<kotlin.Any> varargElementType=kotlin.Any
              CALL 'public final fun <jvm-original-method-type> (method: kotlin.Any): kotlin.Any declared in kotlin.jvm.internal' type=kotlin.Any origin=null
                ARG method: RAW_FUNCTION_REFERENCE 'public abstract fun invoke (p1: P1 of kotlin.Function1): R of kotlin.Function1 [operator] declared in kotlin.Function1' type=kotlin.Any
              RAW_FUNCTION_REFERENCE 'private final fun rememberShade$lambda$13 ($videoGallerySingleCallbacks: com.unitx.shade_core.compose.ResultCallbackHolder<android.net.Uri?>, uri: android.net.Uri?): kotlin.Unit? declared in com.unitx.shade_core.compose.RememberShadeKt' type=kotlin.Any
              CALL 'public final fun <jvm-original-method-type> (method: kotlin.Any): kotlin.Any declared in kotlin.jvm.internal' type=kotlin.Any origin=null
                ARG method: RAW_FUNCTION_REFERENCE 'public abstract fun invoke (p1: android.net.Uri?): kotlin.Unit? [fake_override,operator] declared in kotlin.jvm.internal.invokeDynamic.<fake>' type=kotlin.Any
    VAR name:videoGalleryMultiCallbacks type:com.unitx.shade_core.compose.ResultCallbackHolder<kotlin.collections.List<android.net.Uri>> [val]
      CALL 'public final fun remember <T> (calculation: @[DisallowComposableCalls] kotlin.Function0<T of androidx.compose.runtime.ComposablesKt.remember>): T of androidx.compose.runtime.ComposablesKt.remember [inline] declared in androidx.compose.runtime.ComposablesKt' type=com.unitx.shade_core.compose.ResultCallbackHolder<kotlin.collections.List<android.net.Uri>> origin=null
        TYPE_ARG T: com.unitx.shade_core.compose.ResultCallbackHolder<kotlin.collections.List<android.net.Uri>>
        ARG calculation: BLOCK type=kotlin.Function0<com.unitx.shade_core.compose.ResultCallbackHolder<kotlin.collections.List<android.net.Uri>>> origin=LAMBDA
          COMPOSITE type=kotlin.Unit origin=null
          FUNCTION_REFERENCE 'private final fun rememberShade$lambda$14 (): com.unitx.shade_core.compose.ResultCallbackHolder<kotlin.collections.List<android.net.Uri>> declared in com.unitx.shade_core.compose.RememberShadeKt' type=kotlin.Function0<com.unitx.shade_core.compose.ResultCallbackHolder<kotlin.collections.List<android.net.Uri>>> origin=INLINE_LAMBDA reflectionTarget=null
    VAR name:videoGalleryMultiLauncher type:androidx.activity.compose.ManagedActivityResultLauncher<androidx.activity.result.PickVisualMediaRequest, kotlin.collections.List<@[JvmSuppressWildcards(suppress = <null>)] android.net.Uri>> [val]
      CALL 'public final fun rememberLauncherForActivityResult <I, O> (contract: androidx.activity.result.contract.ActivityResultContract<I of androidx.activity.compose.ActivityResultRegistryKt.rememberLauncherForActivityResult, O of androidx.activity.compose.ActivityResultRegistryKt.rememberLauncherForActivityResult>, onResult: kotlin.Function1<O of androidx.activity.compose.ActivityResultRegistryKt.rememberLauncherForActivityResult, kotlin.Unit>): androidx.activity.compose.ManagedActivityResultLauncher<I of androidx.activity.compose.ActivityResultRegistryKt.rememberLauncherForActivityResult, O of androidx.activity.compose.ActivityResultRegistryKt.rememberLauncherForActivityResult> declared in androidx.activity.compose.ActivityResultRegistryKt' type=androidx.activity.compose.ManagedActivityResultLauncher<androidx.activity.result.PickVisualMediaRequest, kotlin.collections.List<@[JvmSuppressWildcards(suppress = <null>)] android.net.Uri>> origin=null
        TYPE_ARG I: androidx.activity.result.PickVisualMediaRequest
        TYPE_ARG O: kotlin.collections.List<@[JvmSuppressWildcards(suppress = <null>)] android.net.Uri>
        ARG contract: CONSTRUCTOR_CALL 'public constructor <init> (maxItems: kotlin.Int) [primary] declared in androidx.activity.result.contract.ActivityResultContracts.PickMultipleVisualMedia' type=androidx.activity.result.contract.ActivityResultContracts.PickMultipleVisualMedia origin=null
          ARG maxItems: BLOCK type=kotlin.Int origin=FOLDED_ELVIS
            WHEN type=kotlin.Int origin=FOLDED_ELVIS
              BRANCH
                if: CALL 'public final fun ANDAND (arg0: kotlin.Boolean, arg1: kotlin.Boolean): kotlin.Boolean declared in kotlin.internal.ir' type=kotlin.Boolean origin=null
                  ARG arg0: CALL 'public final fun ANDAND (arg0: kotlin.Boolean, arg1: kotlin.Boolean): kotlin.Boolean declared in kotlin.internal.ir' type=kotlin.Boolean origin=null
                    ARG arg0: CALL 'public final fun ANDAND (arg0: kotlin.Boolean, arg1: kotlin.Boolean): kotlin.Boolean declared in kotlin.internal.ir' type=kotlin.Boolean origin=null
                      ARG arg0: COMPOSITE type=kotlin.Boolean origin=null
                        VAR IR_TEMPORARY_VARIABLE name:tmp4_safe_receiver type:com.unitx.shade_core.dsl.VideoScope? [val]
                          CALL 'internal final fun <get-video> (): com.unitx.shade_core.dsl.VideoScope? declared in com.unitx.shade_core.dsl.ShadeConfig' type=com.unitx.shade_core.dsl.VideoScope? origin=GET_PROPERTY
                            ARG <this>: GET_VAR 'val config: com.unitx.shade_core.dsl.ShadeConfig [val] declared in com.unitx.shade_core.compose.RememberShadeKt.rememberShade' type=com.unitx.shade_core.dsl.ShadeConfig origin=null
                        CALL 'public final fun not (): kotlin.Boolean [operator] declared in kotlin.Boolean' type=kotlin.Boolean origin=null
                          ARG <this>: CALL 'public final fun EQEQ (arg0: kotlin.Any?, arg1: kotlin.Any?): kotlin.Boolean declared in kotlin.internal.ir' type=kotlin.Boolean origin=null
                            ARG arg0: GET_VAR 'val tmp4_safe_receiver: com.unitx.shade_core.dsl.VideoScope? [val] declared in com.unitx.shade_core.compose.RememberShadeKt.rememberShade' type=com.unitx.shade_core.dsl.VideoScope? origin=null
                            ARG arg1: CONST Null type=kotlin.Nothing? value=null
                      ARG arg1: COMPOSITE type=kotlin.Boolean origin=null
                        VAR IR_TEMPORARY_VARIABLE name:tmp5_safe_receiver type:com.unitx.shade_core.dsl.GalleryConfig? [val]
                          CALL 'internal final fun <get-gallery> (): com.unitx.shade_core.dsl.GalleryConfig? declared in com.unitx.shade_core.dsl.VideoScope' type=com.unitx.shade_core.dsl.GalleryConfig? origin=GET_PROPERTY
                            ARG <this>: GET_VAR 'val tmp4_safe_receiver: com.unitx.shade_core.dsl.VideoScope? [val] declared in com.unitx.shade_core.compose.RememberShadeKt.rememberShade' type=com.unitx.shade_core.dsl.VideoScope? origin=null
                        CALL 'public final fun not (): kotlin.Boolean [operator] declared in kotlin.Boolean' type=kotlin.Boolean origin=null
                          ARG <this>: CALL 'public final fun EQEQ (arg0: kotlin.Any?, arg1: kotlin.Any?): kotlin.Boolean declared in kotlin.internal.ir' type=kotlin.Boolean origin=null
                            ARG arg0: GET_VAR 'val tmp5_safe_receiver: com.unitx.shade_core.dsl.GalleryConfig? [val] declared in com.unitx.shade_core.compose.RememberShadeKt.rememberShade' type=com.unitx.shade_core.dsl.GalleryConfig? origin=null
                            ARG arg1: CONST Null type=kotlin.Nothing? value=null
                    ARG arg1: COMPOSITE type=kotlin.Boolean origin=null
                      VAR IR_TEMPORARY_VARIABLE name:tmp6_safe_receiver type:kotlin.Int [val]
                        CALL 'internal final fun <get-maxItems> (): kotlin.Int declared in com.unitx.shade_core.dsl.GalleryConfig' type=kotlin.Int origin=GET_PROPERTY
                          ARG <this>: GET_VAR 'val tmp5_safe_receiver: com.unitx.shade_core.dsl.GalleryConfig? [val] declared in com.unitx.shade_core.compose.RememberShadeKt.rememberShade' type=com.unitx.shade_core.dsl.GalleryConfig? origin=null
                      CALL 'public final fun not (): kotlin.Boolean [operator] declared in kotlin.Boolean' type=kotlin.Boolean origin=null
                        ARG <this>: CALL 'public final fun EQEQ (arg0: kotlin.Any?, arg1: kotlin.Any?): kotlin.Boolean declared in kotlin.internal.ir' type=kotlin.Boolean origin=null
                          ARG arg0: GET_VAR 'val tmp6_safe_receiver: kotlin.Int [val] declared in com.unitx.shade_core.compose.RememberShadeKt.rememberShade' type=kotlin.Int origin=null
                          ARG arg1: CONST Null type=kotlin.Nothing? value=null
                  ARG arg1: COMPOSITE type=kotlin.Boolean origin=null
                    VAR IR_TEMPORARY_VARIABLE name:tmp7_elvis_lhs type:kotlin.Int [val]
                      CALL 'public final fun coerceAtLeast (<this>: kotlin.Int, minimumValue: kotlin.Int): kotlin.Int declared in kotlin.ranges.RangesKt' type=kotlin.Int origin=null
                        ARG <this>: GET_VAR 'val tmp6_safe_receiver: kotlin.Int [val] declared in com.unitx.shade_core.compose.RememberShadeKt.rememberShade' type=kotlin.Int? origin=null
                        ARG minimumValue: CONST Int type=kotlin.Int value=2
                    CALL 'public final fun not (): kotlin.Boolean [operator] declared in kotlin.Boolean' type=kotlin.Boolean origin=null
                      ARG <this>: CALL 'public final fun EQEQ (arg0: kotlin.Any?, arg1: kotlin.Any?): kotlin.Boolean declared in kotlin.internal.ir' type=kotlin.Boolean origin=null
                        ARG arg0: GET_VAR 'val tmp7_elvis_lhs: kotlin.Int [val] declared in com.unitx.shade_core.compose.RememberShadeKt.rememberShade' type=kotlin.Int origin=null
                        ARG arg1: CONST Null type=kotlin.Nothing? value=null
                then: GET_VAR 'val tmp7_elvis_lhs: kotlin.Int [val] declared in com.unitx.shade_core.compose.RememberShadeKt.rememberShade' type=kotlin.Int origin=null
              BRANCH
                if: CONST Boolean type=kotlin.Boolean value=true
                then: CONST Int type=kotlin.Int value=2
        ARG onResult: BLOCK type=kotlin.Function1<kotlin.collections.List<@[JvmSuppressWildcards(suppress = <null>)] android.net.Uri>, kotlin.Unit> origin=LAMBDA
          COMPOSITE type=kotlin.Unit origin=null
          CALL 'public final fun <jvm-indy> <T> (dynamicCall: T of kotlin.jvm.internal.<jvm-indy>, bootstrapMethodHandle: kotlin.Any, vararg bootstrapMethodArguments: kotlin.Any): T of kotlin.jvm.internal.<jvm-indy> declared in kotlin.jvm.internal' type=kotlin.Function1<kotlin.collections.List<@[JvmSuppressWildcards(suppress = <null>)] android.net.Uri>, kotlin.Unit> origin=null
            TYPE_ARG T: kotlin.Function1<kotlin.collections.List<@[JvmSuppressWildcards(suppress = <null>)] android.net.Uri>, kotlin.Unit>
            ARG dynamicCall: CALL 'public final fun invoke (p0: com.unitx.shade_core.compose.ResultCallbackHolder<kotlin.collections.List<android.net.Uri>>): kotlin.Function1<kotlin.collections.List<@[JvmSuppressWildcards(suppress = <null>)] android.net.Uri>, kotlin.Unit> declared in kotlin.jvm.internal.invokeDynamic' type=kotlin.Function1<kotlin.collections.List<@[JvmSuppressWildcards(suppress = <null>)] android.net.Uri>, kotlin.Unit> origin=null
              ARG p0: GET_VAR 'val videoGalleryMultiCallbacks: com.unitx.shade_core.compose.ResultCallbackHolder<kotlin.collections.List<android.net.Uri>> [val] declared in com.unitx.shade_core.compose.RememberShadeKt.rememberShade' type=com.unitx.shade_core.compose.ResultCallbackHolder<kotlin.collections.List<android.net.Uri>> origin=null
            ARG bootstrapMethodHandle: CALL 'public final fun <jvm-method-handle> (tag: kotlin.Int, owner: kotlin.String, name: kotlin.String, descriptor: kotlin.String, isInterface: kotlin.Boolean): kotlin.Any declared in kotlin.jvm.internal' type=kotlin.Any origin=null
              ARG tag: CONST Int type=kotlin.Int value=6
              ARG owner: CONST String type=kotlin.String value="java/lang/invoke/LambdaMetafactory"
              ARG name: CONST String type=kotlin.String value="metafactory"
              ARG descriptor: CONST String type=kotlin.String value="(Ljava/lang/invoke/MethodHandles$Lookup;Ljava/lang/String;Ljava/lang/invoke/MethodType;Ljava/lang/invoke/MethodType;Ljava/lang/invoke/MethodHandle;Ljava/lang/invoke/MethodType;)Ljava/lang/invoke/CallSite;"
              ARG isInterface: CONST Boolean type=kotlin.Boolean value=false
            ARG bootstrapMethodArguments: VARARG type=kotlin.Array<kotlin.Any> varargElementType=kotlin.Any
              CALL 'public final fun <jvm-original-method-type> (method: kotlin.Any): kotlin.Any declared in kotlin.jvm.internal' type=kotlin.Any origin=null
                ARG method: RAW_FUNCTION_REFERENCE 'public abstract fun invoke (p1: P1 of kotlin.Function1): R of kotlin.Function1 [operator] declared in kotlin.Function1' type=kotlin.Any
              RAW_FUNCTION_REFERENCE 'private final fun rememberShade$lambda$15 ($videoGalleryMultiCallbacks: com.unitx.shade_core.compose.ResultCallbackHolder<kotlin.collections.List<android.net.Uri>>, uris: kotlin.collections.List<@[JvmSuppressWildcards(suppress = <null>)] android.net.Uri>): kotlin.Unit? declared in com.unitx.shade_core.compose.RememberShadeKt' type=kotlin.Any
              CALL 'public final fun <jvm-original-method-type> (method: kotlin.Any): kotlin.Any declared in kotlin.jvm.internal' type=kotlin.Any origin=null
                ARG method: RAW_FUNCTION_REFERENCE 'public abstract fun invoke (p1: kotlin.collections.List<@[JvmSuppressWildcards(suppress = <null>)] android.net.Uri>): kotlin.Unit? [fake_override,operator] declared in kotlin.jvm.internal.invokeDynamic.<fake>' type=kotlin.Any
    VAR name:pdfCallbacks type:com.unitx.shade_core.compose.ResultCallbackHolder<android.net.Uri?> [val]
      CALL 'public final fun remember <T> (calculation: @[DisallowComposableCalls] kotlin.Function0<T of androidx.compose.runtime.ComposablesKt.remember>): T of androidx.compose.runtime.ComposablesKt.remember [inline] declared in androidx.compose.runtime.ComposablesKt' type=com.unitx.shade_core.compose.ResultCallbackHolder<android.net.Uri?> origin=null
        TYPE_ARG T: com.unitx.shade_core.compose.ResultCallbackHolder<android.net.Uri?>
        ARG calculation: BLOCK type=kotlin.Function0<com.unitx.shade_core.compose.ResultCallbackHolder<android.net.Uri?>> origin=LAMBDA
          COMPOSITE type=kotlin.Unit origin=null
          FUNCTION_REFERENCE 'private final fun rememberShade$lambda$16 (): com.unitx.shade_core.compose.ResultCallbackHolder<android.net.Uri?> declared in com.unitx.shade_core.compose.RememberShadeKt' type=kotlin.Function0<com.unitx.shade_core.compose.ResultCallbackHolder<android.net.Uri?>> origin=INLINE_LAMBDA reflectionTarget=null
    VAR name:pdfLauncher type:androidx.activity.compose.ManagedActivityResultLauncher<kotlin.Array<kotlin.String>, android.net.Uri?> [val]
      CALL 'public final fun rememberLauncherForActivityResult <I, O> (contract: androidx.activity.result.contract.ActivityResultContract<I of androidx.activity.compose.ActivityResultRegistryKt.rememberLauncherForActivityResult, O of androidx.activity.compose.ActivityResultRegistryKt.rememberLauncherForActivityResult>, onResult: kotlin.Function1<O of androidx.activity.compose.ActivityResultRegistryKt.rememberLauncherForActivityResult, kotlin.Unit>): androidx.activity.compose.ManagedActivityResultLauncher<I of androidx.activity.compose.ActivityResultRegistryKt.rememberLauncherForActivityResult, O of androidx.activity.compose.ActivityResultRegistryKt.rememberLauncherForActivityResult> declared in androidx.activity.compose.ActivityResultRegistryKt' type=androidx.activity.compose.ManagedActivityResultLauncher<kotlin.Array<kotlin.String>, android.net.Uri?> origin=null
        TYPE_ARG I: kotlin.Array<kotlin.String>
        TYPE_ARG O: android.net.Uri?
        ARG contract: CONSTRUCTOR_CALL 'public constructor <init> () [primary] declared in androidx.activity.result.contract.ActivityResultContracts.OpenDocument' type=androidx.activity.result.contract.ActivityResultContracts.OpenDocument origin=null
        ARG onResult: BLOCK type=kotlin.Function1<android.net.Uri?, kotlin.Unit> origin=LAMBDA
          COMPOSITE type=kotlin.Unit origin=null
          CALL 'public final fun <jvm-indy> <T> (dynamicCall: T of kotlin.jvm.internal.<jvm-indy>, bootstrapMethodHandle: kotlin.Any, vararg bootstrapMethodArguments: kotlin.Any): T of kotlin.jvm.internal.<jvm-indy> declared in kotlin.jvm.internal' type=kotlin.Function1<android.net.Uri?, kotlin.Unit> origin=null
            TYPE_ARG T: kotlin.Function1<android.net.Uri?, kotlin.Unit>
            ARG dynamicCall: CALL 'public final fun invoke (p0: com.unitx.shade_core.compose.ResultCallbackHolder<android.net.Uri?>): kotlin.Function1<android.net.Uri?, kotlin.Unit> declared in kotlin.jvm.internal.invokeDynamic' type=kotlin.Function1<android.net.Uri?, kotlin.Unit> origin=null
              ARG p0: GET_VAR 'val pdfCallbacks: com.unitx.shade_core.compose.ResultCallbackHolder<android.net.Uri?> [val] declared in com.unitx.shade_core.compose.RememberShadeKt.rememberShade' type=com.unitx.shade_core.compose.ResultCallbackHolder<android.net.Uri?> origin=null
            ARG bootstrapMethodHandle: CALL 'public final fun <jvm-method-handle> (tag: kotlin.Int, owner: kotlin.String, name: kotlin.String, descriptor: kotlin.String, isInterface: kotlin.Boolean): kotlin.Any declared in kotlin.jvm.internal' type=kotlin.Any origin=null
              ARG tag: CONST Int type=kotlin.Int value=6
              ARG owner: CONST String type=kotlin.String value="java/lang/invoke/LambdaMetafactory"
              ARG name: CONST String type=kotlin.String value="metafactory"
              ARG descriptor: CONST String type=kotlin.String value="(Ljava/lang/invoke/MethodHandles$Lookup;Ljava/lang/String;Ljava/lang/invoke/MethodType;Ljava/lang/invoke/MethodType;Ljava/lang/invoke/MethodHandle;Ljava/lang/invoke/MethodType;)Ljava/lang/invoke/CallSite;"
              ARG isInterface: CONST Boolean type=kotlin.Boolean value=false
            ARG bootstrapMethodArguments: VARARG type=kotlin.Array<kotlin.Any> varargElementType=kotlin.Any
              CALL 'public final fun <jvm-original-method-type> (method: kotlin.Any): kotlin.Any declared in kotlin.jvm.internal' type=kotlin.Any origin=null
                ARG method: RAW_FUNCTION_REFERENCE 'public abstract fun invoke (p1: P1 of kotlin.Function1): R of kotlin.Function1 [operator] declared in kotlin.Function1' type=kotlin.Any
              RAW_FUNCTION_REFERENCE 'private final fun rememberShade$lambda$17 ($pdfCallbacks: com.unitx.shade_core.compose.ResultCallbackHolder<android.net.Uri?>, uri: android.net.Uri?): kotlin.Unit? declared in com.unitx.shade_core.compose.RememberShadeKt' type=kotlin.Any
              CALL 'public final fun <jvm-original-method-type> (method: kotlin.Any): kotlin.Any declared in kotlin.jvm.internal' type=kotlin.Any origin=null
                ARG method: RAW_FUNCTION_REFERENCE 'public abstract fun invoke (p1: android.net.Uri?): kotlin.Unit? [fake_override,operator] declared in kotlin.jvm.internal.invokeDynamic.<fake>' type=kotlin.Any
    VAR name:documentCallbacks type:com.unitx.shade_core.compose.ResultCallbackHolder<android.net.Uri?> [val]
      CALL 'public final fun remember <T> (calculation: @[DisallowComposableCalls] kotlin.Function0<T of androidx.compose.runtime.ComposablesKt.remember>): T of androidx.compose.runtime.ComposablesKt.remember [inline] declared in androidx.compose.runtime.ComposablesKt' type=com.unitx.shade_core.compose.ResultCallbackHolder<android.net.Uri?> origin=null
        TYPE_ARG T: com.unitx.shade_core.compose.ResultCallbackHolder<android.net.Uri?>
        ARG calculation: BLOCK type=kotlin.Function0<com.unitx.shade_core.compose.ResultCallbackHolder<android.net.Uri?>> origin=LAMBDA
          COMPOSITE type=kotlin.Unit origin=null
          FUNCTION_REFERENCE 'private final fun rememberShade$lambda$18 (): com.unitx.shade_core.compose.ResultCallbackHolder<android.net.Uri?> declared in com.unitx.shade_core.compose.RememberShadeKt' type=kotlin.Function0<com.unitx.shade_core.compose.ResultCallbackHolder<android.net.Uri?>> origin=INLINE_LAMBDA reflectionTarget=null
    VAR name:documentLauncher type:androidx.activity.compose.ManagedActivityResultLauncher<kotlin.Array<kotlin.String>, android.net.Uri?> [val]
      CALL 'public final fun rememberLauncherForActivityResult <I, O> (contract: androidx.activity.result.contract.ActivityResultContract<I of androidx.activity.compose.ActivityResultRegistryKt.rememberLauncherForActivityResult, O of androidx.activity.compose.ActivityResultRegistryKt.rememberLauncherForActivityResult>, onResult: kotlin.Function1<O of androidx.activity.compose.ActivityResultRegistryKt.rememberLauncherForActivityResult, kotlin.Unit>): androidx.activity.compose.ManagedActivityResultLauncher<I of androidx.activity.compose.ActivityResultRegistryKt.rememberLauncherForActivityResult, O of androidx.activity.compose.ActivityResultRegistryKt.rememberLauncherForActivityResult> declared in androidx.activity.compose.ActivityResultRegistryKt' type=androidx.activity.compose.ManagedActivityResultLauncher<kotlin.Array<kotlin.String>, android.net.Uri?> origin=null
        TYPE_ARG I: kotlin.Array<kotlin.String>
        TYPE_ARG O: android.net.Uri?
        ARG contract: CONSTRUCTOR_CALL 'public constructor <init> () [primary] declared in androidx.activity.result.contract.ActivityResultContracts.OpenDocument' type=androidx.activity.result.contract.ActivityResultContracts.OpenDocument origin=null
        ARG onResult: BLOCK type=kotlin.Function1<android.net.Uri?, kotlin.Unit> origin=LAMBDA
          COMPOSITE type=kotlin.Unit origin=null
          CALL 'public final fun <jvm-indy> <T> (dynamicCall: T of kotlin.jvm.internal.<jvm-indy>, bootstrapMethodHandle: kotlin.Any, vararg bootstrapMethodArguments: kotlin.Any): T of kotlin.jvm.internal.<jvm-indy> declared in kotlin.jvm.internal' type=kotlin.Function1<android.net.Uri?, kotlin.Unit> origin=null
            TYPE_ARG T: kotlin.Function1<android.net.Uri?, kotlin.Unit>
            ARG dynamicCall: CALL 'public final fun invoke (p0: com.unitx.shade_core.compose.ResultCallbackHolder<android.net.Uri?>): kotlin.Function1<android.net.Uri?, kotlin.Unit> declared in kotlin.jvm.internal.invokeDynamic' type=kotlin.Function1<android.net.Uri?, kotlin.Unit> origin=null
              ARG p0: GET_VAR 'val documentCallbacks: com.unitx.shade_core.compose.ResultCallbackHolder<android.net.Uri?> [val] declared in com.unitx.shade_core.compose.RememberShadeKt.rememberShade' type=com.unitx.shade_core.compose.ResultCallbackHolder<android.net.Uri?> origin=null
            ARG bootstrapMethodHandle: CALL 'public final fun <jvm-method-handle> (tag: kotlin.Int, owner: kotlin.String, name: kotlin.String, descriptor: kotlin.String, isInterface: kotlin.Boolean): kotlin.Any declared in kotlin.jvm.internal' type=kotlin.Any origin=null
              ARG tag: CONST Int type=kotlin.Int value=6
              ARG owner: CONST String type=kotlin.String value="java/lang/invoke/LambdaMetafactory"
              ARG name: CONST String type=kotlin.String value="metafactory"
              ARG descriptor: CONST String type=kotlin.String value="(Ljava/lang/invoke/MethodHandles$Lookup;Ljava/lang/String;Ljava/lang/invoke/MethodType;Ljava/lang/invoke/MethodType;Ljava/lang/invoke/MethodHandle;Ljava/lang/invoke/MethodType;)Ljava/lang/invoke/CallSite;"
              ARG isInterface: CONST Boolean type=kotlin.Boolean value=false
            ARG bootstrapMethodArguments: VARARG type=kotlin.Array<kotlin.Any> varargElementType=kotlin.Any
              CALL 'public final fun <jvm-original-method-type> (method: kotlin.Any): kotlin.Any declared in kotlin.jvm.internal' type=kotlin.Any origin=null
                ARG method: RAW_FUNCTION_REFERENCE 'public abstract fun invoke (p1: P1 of kotlin.Function1): R of kotlin.Function1 [operator] declared in kotlin.Function1' type=kotlin.Any
              RAW_FUNCTION_REFERENCE 'private final fun rememberShade$lambda$19 ($documentCallbacks: com.unitx.shade_core.compose.ResultCallbackHolder<android.net.Uri?>, uri: android.net.Uri?): kotlin.Unit? declared in com.unitx.shade_core.compose.RememberShadeKt' type=kotlin.Any
              CALL 'public final fun <jvm-original-method-type> (method: kotlin.Any): kotlin.Any declared in kotlin.jvm.internal' type=kotlin.Any origin=null
                ARG method: RAW_FUNCTION_REFERENCE 'public abstract fun invoke (p1: android.net.Uri?): kotlin.Unit? [fake_override,operator] declared in kotlin.jvm.internal.invokeDynamic.<fake>' type=kotlin.Any
    VAR name:shade type:com.unitx.shade_core.core.ShadeCore [val]
      CALL 'public final fun remember <T> (calculation: @[DisallowComposableCalls] kotlin.Function0<T of androidx.compose.runtime.ComposablesKt.remember>): T of androidx.compose.runtime.ComposablesKt.remember [inline] declared in androidx.compose.runtime.ComposablesKt' type=com.unitx.shade_core.core.ShadeCore origin=null
        TYPE_ARG T: com.unitx.shade_core.core.ShadeCore
        ARG calculation: BLOCK type=kotlin.Function0<com.unitx.shade_core.core.ShadeCore> origin=LAMBDA
          COMPOSITE type=kotlin.Unit origin=null
          FUNCTION_REFERENCE 'private final fun rememberShade$lambda$20 ($context: android.content.Context, $config: com.unitx.shade_core.dsl.ShadeConfig, $permissionCallbacks: com.unitx.shade_core.compose.PermissionCallbackHolder, $cameraPermLauncher: androidx.activity.compose.ManagedActivityResultLauncher<kotlin.String, kotlin.Boolean>, $mediaPermLauncher: androidx.activity.compose.ManagedActivityResultLauncher<kotlin.String, kotlin.Boolean>, $imageCameraCallbacks: com.unitx.shade_core.compose.ResultCallbackHolder<kotlin.Boolean>, $imageCameraLauncher: androidx.activity.compose.ManagedActivityResultLauncher<android.net.Uri, kotlin.Boolean>, $imageGallerySingleCallbacks: com.unitx.shade_core.compose.ResultCallbackHolder<android.net.Uri?>, $imageGallerySingleLauncher: androidx.activity.compose.ManagedActivityResultLauncher<androidx.activity.result.PickVisualMediaRequest, android.net.Uri?>, $imageGalleryMultiCallbacks: com.unitx.shade_core.compose.ResultCallbackHolder<kotlin.collections.List<android.net.Uri>>, $imageGalleryMultiLauncher: androidx.activity.compose.ManagedActivityResultLauncher<androidx.activity.result.PickVisualMediaRequest, kotlin.collections.List<@[JvmSuppressWildcards(suppress = <null>)] android.net.Uri>>, $videoCameraCallbacks: com.unitx.shade_core.compose.ResultCallbackHolder<kotlin.Boolean>, $videoCameraLauncher: androidx.activity.compose.ManagedActivityResultLauncher<android.net.Uri, kotlin.Boolean>, $videoGallerySingleCallbacks: com.unitx.shade_core.compose.ResultCallbackHolder<android.net.Uri?>, $videoGallerySingleLauncher: androidx.activity.compose.ManagedActivityResultLauncher<androidx.activity.result.PickVisualMediaRequest, android.net.Uri?>, $videoGalleryMultiCallbacks: com.unitx.shade_core.compose.ResultCallbackHolder<kotlin.collections.List<android.net.Uri>>, $videoGalleryMultiLauncher: androidx.activity.compose.ManagedActivityResultLauncher<androidx.activity.result.PickVisualMediaRequest, kotlin.collections.List<@[JvmSuppressWildcards(suppress = <null>)] android.net.Uri>>, $pdfCallbacks: com.unitx.shade_core.compose.ResultCallbackHolder<android.net.Uri?>, $pdfLauncher: androidx.activity.compose.ManagedActivityResultLauncher<kotlin.Array<kotlin.String>, android.net.Uri?>, $documentCallbacks: com.unitx.shade_core.compose.ResultCallbackHolder<android.net.Uri?>, $documentLauncher: androidx.activity.compose.ManagedActivityResultLauncher<kotlin.Array<kotlin.String>, android.net.Uri?>): com.unitx.shade_core.core.ShadeCore declared in com.unitx.shade_core.compose.RememberShadeKt' type=kotlin.Function0<com.unitx.shade_core.core.ShadeCore> origin=INLINE_LAMBDA reflectionTarget=null
            ARG $context: GET_VAR 'val context: android.content.Context [val] declared in com.unitx.shade_core.compose.RememberShadeKt.rememberShade' type=android.content.Context origin=null
            ARG $config: GET_VAR 'val config: com.unitx.shade_core.dsl.ShadeConfig [val] declared in com.unitx.shade_core.compose.RememberShadeKt.rememberShade' type=com.unitx.shade_core.dsl.ShadeConfig origin=null
            ARG $permissionCallbacks: GET_VAR 'val permissionCallbacks: com.unitx.shade_core.compose.PermissionCallbackHolder [val] declared in com.unitx.shade_core.compose.RememberShadeKt.rememberShade' type=com.unitx.shade_core.compose.PermissionCallbackHolder origin=null
            ARG $cameraPermLauncher: GET_VAR 'val cameraPermLauncher: androidx.activity.compose.ManagedActivityResultLauncher<kotlin.String, kotlin.Boolean> [val] declared in com.unitx.shade_core.compose.RememberShadeKt.rememberShade' type=androidx.activity.compose.ManagedActivityResultLauncher<kotlin.String, kotlin.Boolean> origin=null
            ARG $mediaPermLauncher: GET_VAR 'val mediaPermLauncher: androidx.activity.compose.ManagedActivityResultLauncher<kotlin.String, kotlin.Boolean> [val] declared in com.unitx.shade_core.compose.RememberShadeKt.rememberShade' type=androidx.activity.compose.ManagedActivityResultLauncher<kotlin.String, kotlin.Boolean> origin=null
            ARG $imageCameraCallbacks: GET_VAR 'val imageCameraCallbacks: com.unitx.shade_core.compose.ResultCallbackHolder<kotlin.Boolean> [val] declared in com.unitx.shade_core.compose.RememberShadeKt.rememberShade' type=com.unitx.shade_core.compose.ResultCallbackHolder<kotlin.Boolean> origin=null
            ARG $imageCameraLauncher: GET_VAR 'val imageCameraLauncher: androidx.activity.compose.ManagedActivityResultLauncher<android.net.Uri, kotlin.Boolean> [val] declared in com.unitx.shade_core.compose.RememberShadeKt.rememberShade' type=androidx.activity.compose.ManagedActivityResultLauncher<android.net.Uri, kotlin.Boolean> origin=null
            ARG $imageGallerySingleCallbacks: GET_VAR 'val imageGallerySingleCallbacks: com.unitx.shade_core.compose.ResultCallbackHolder<android.net.Uri?> [val] declared in com.unitx.shade_core.compose.RememberShadeKt.rememberShade' type=com.unitx.shade_core.compose.ResultCallbackHolder<android.net.Uri?> origin=null
            ARG $imageGallerySingleLauncher: GET_VAR 'val imageGallerySingleLauncher: androidx.activity.compose.ManagedActivityResultLauncher<androidx.activity.result.PickVisualMediaRequest, android.net.Uri?> [val] declared in com.unitx.shade_core.compose.RememberShadeKt.rememberShade' type=androidx.activity.compose.ManagedActivityResultLauncher<androidx.activity.result.PickVisualMediaRequest, android.net.Uri?> origin=null
            ARG $imageGalleryMultiCallbacks: GET_VAR 'val imageGalleryMultiCallbacks: com.unitx.shade_core.compose.ResultCallbackHolder<kotlin.collections.List<android.net.Uri>> [val] declared in com.unitx.shade_core.compose.RememberShadeKt.rememberShade' type=com.unitx.shade_core.compose.ResultCallbackHolder<kotlin.collections.List<android.net.Uri>> origin=null
            ARG $imageGalleryMultiLauncher: GET_VAR 'val imageGalleryMultiLauncher: androidx.activity.compose.ManagedActivityResultLauncher<androidx.activity.result.PickVisualMediaRequest, kotlin.collections.List<@[JvmSuppressWildcards(suppress = <null>)] android.net.Uri>> [val] declared in com.unitx.shade_core.compose.RememberShadeKt.rememberShade' type=androidx.activity.compose.ManagedActivityResultLauncher<androidx.activity.result.PickVisualMediaRequest, kotlin.collections.List<@[JvmSuppressWildcards(suppress = <null>)] android.net.Uri>> origin=null
            ARG $videoCameraCallbacks: GET_VAR 'val videoCameraCallbacks: com.unitx.shade_core.compose.ResultCallbackHolder<kotlin.Boolean> [val] declared in com.unitx.shade_core.compose.RememberShadeKt.rememberShade' type=com.unitx.shade_core.compose.ResultCallbackHolder<kotlin.Boolean> origin=null
            ARG $videoCameraLauncher: GET_VAR 'val videoCameraLauncher: androidx.activity.compose.ManagedActivityResultLauncher<android.net.Uri, kotlin.Boolean> [val] declared in com.unitx.shade_core.compose.RememberShadeKt.rememberShade' type=androidx.activity.compose.ManagedActivityResultLauncher<android.net.Uri, kotlin.Boolean> origin=null
            ARG $videoGallerySingleCallbacks: GET_VAR 'val videoGallerySingleCallbacks: com.unitx.shade_core.compose.ResultCallbackHolder<android.net.Uri?> [val] declared in com.unitx.shade_core.compose.RememberShadeKt.rememberShade' type=com.unitx.shade_core.compose.ResultCallbackHolder<android.net.Uri?> origin=null
            ARG $videoGallerySingleLauncher: GET_VAR 'val videoGallerySingleLauncher: androidx.activity.compose.ManagedActivityResultLauncher<androidx.activity.result.PickVisualMediaRequest, android.net.Uri?> [val] declared in com.unitx.shade_core.compose.RememberShadeKt.rememberShade' type=androidx.activity.compose.ManagedActivityResultLauncher<androidx.activity.result.PickVisualMediaRequest, android.net.Uri?> origin=null
            ARG $videoGalleryMultiCallbacks: GET_VAR 'val videoGalleryMultiCallbacks: com.unitx.shade_core.compose.ResultCallbackHolder<kotlin.collections.List<android.net.Uri>> [val] declared in com.unitx.shade_core.compose.RememberShadeKt.rememberShade' type=com.unitx.shade_core.compose.ResultCallbackHolder<kotlin.collections.List<android.net.Uri>> origin=null
            ARG $videoGalleryMultiLauncher: GET_VAR 'val videoGalleryMultiLauncher: androidx.activity.compose.ManagedActivityResultLauncher<androidx.activity.result.PickVisualMediaRequest, kotlin.collections.List<@[JvmSuppressWildcards(suppress = <null>)] android.net.Uri>> [val] declared in com.unitx.shade_core.compose.RememberShadeKt.rememberShade' type=androidx.activity.compose.ManagedActivityResultLauncher<androidx.activity.result.PickVisualMediaRequest, kotlin.collections.List<@[JvmSuppressWildcards(suppress = <null>)] android.net.Uri>> origin=null
            ARG $pdfCallbacks: GET_VAR 'val pdfCallbacks: com.unitx.shade_core.compose.ResultCallbackHolder<android.net.Uri?> [val] declared in com.unitx.shade_core.compose.RememberShadeKt.rememberShade' type=com.unitx.shade_core.compose.ResultCallbackHolder<android.net.Uri?> origin=null
            ARG $pdfLauncher: GET_VAR 'val pdfLauncher: androidx.activity.compose.ManagedActivityResultLauncher<kotlin.Array<kotlin.String>, android.net.Uri?> [val] declared in com.unitx.shade_core.compose.RememberShadeKt.rememberShade' type=androidx.activity.compose.ManagedActivityResultLauncher<kotlin.Array<kotlin.String>, android.net.Uri?> origin=null
            ARG $documentCallbacks: GET_VAR 'val documentCallbacks: com.unitx.shade_core.compose.ResultCallbackHolder<android.net.Uri?> [val] declared in com.unitx.shade_core.compose.RememberShadeKt.rememberShade' type=com.unitx.shade_core.compose.ResultCallbackHolder<android.net.Uri?> origin=null
            ARG $documentLauncher: GET_VAR 'val documentLauncher: androidx.activity.compose.ManagedActivityResultLauncher<kotlin.Array<kotlin.String>, android.net.Uri?> [val] declared in com.unitx.shade_core.compose.RememberShadeKt.rememberShade' type=androidx.activity.compose.ManagedActivityResultLauncher<kotlin.Array<kotlin.String>, android.net.Uri?> origin=null
    RETURN type=kotlin.Nothing from='public final fun rememberShade (block: @[ExtensionFunctionType] kotlin.Function1<com.unitx.shade_core.dsl.ShadeConfig, kotlin.Unit>): com.unitx.shade_core.core.ShadeCore declared in com.unitx.shade_core.compose.RememberShadeKt'
      GET_VAR 'val shade: com.unitx.shade_core.core.ShadeCore [val] declared in com.unitx.shade_core.compose.RememberShadeKt.rememberShade' type=com.unitx.shade_core.core.ShadeCore origin=null

	at org.jetbrains.kotlin.backend.jvm.codegen.FunctionCodegen.generate(FunctionCodegen.kt:50)
	at org.jetbrains.kotlin.backend.jvm.codegen.FunctionCodegen.generate$default(FunctionCodegen.kt:43)
	at org.jetbrains.kotlin.backend.jvm.codegen.ClassCodegen.generateMethodNode(ClassCodegen.kt:422)
	at org.jetbrains.kotlin.backend.jvm.codegen.ClassCodegen.generateMethod(ClassCodegen.kt:439)
	at org.jetbrains.kotlin.backend.jvm.codegen.ClassCodegen.generate(ClassCodegen.kt:164)
	at org.jetbrains.kotlin.backend.jvm.JvmIrCodegenFactory.generateFile(JvmIrCodegenFactory.kt:419)
	at org.jetbrains.kotlin.backend.jvm.JvmIrCodegenFactory.invokeCodegen(JvmIrCodegenFactory.kt:388)
	at org.jetbrains.kotlin.cli.jvm.compiler.KotlinToJVMBytecodeCompiler.runCodegen$cli(KotlinToJVMBytecodeCompiler.kt:431)
	at org.jetbrains.kotlin.cli.pipeline.jvm.JvmBackendPipelinePhase.executePhase(JvmBackendPipelinePhase.kt:95)
	at org.jetbrains.kotlin.cli.pipeline.jvm.JvmBackendPipelinePhase.executePhase(JvmBackendPipelinePhase.kt:36)
	at org.jetbrains.kotlin.cli.pipeline.jvm.JvmBackendPipelinePhase.executePhase(JvmBackendPipelinePhase.kt:29)
	at org.jetbrains.kotlin.cli.pipeline.PipelinePhase.phaseBody(PipelinePhase.kt:68)
	at org.jetbrains.kotlin.cli.pipeline.PipelinePhase.phaseBody(PipelinePhase.kt:58)
	at org.jetbrains.kotlin.config.phaser.NamedCompilerPhase.invoke(CompilerPhase.kt:102)
	at org.jetbrains.kotlin.backend.common.phaser.CompositePhase.invoke(PhaseBuilders.kt:22)
	at org.jetbrains.kotlin.config.phaser.CompilerPhaseKt.invokeToplevel(CompilerPhase.kt:53)
	at org.jetbrains.kotlin.cli.pipeline.AbstractCliPipeline.runPhasedPipeline(AbstractCliPipeline.kt:109)
	at org.jetbrains.kotlin.cli.pipeline.AbstractCliPipeline.execute(AbstractCliPipeline.kt:68)
	at org.jetbrains.kotlin.cli.jvm.K2JVMCompiler.doExecutePhased(K2JVMCompiler.kt:78)
	at org.jetbrains.kotlin.cli.jvm.K2JVMCompiler.doExecutePhased(K2JVMCompiler.kt:44)
	at org.jetbrains.kotlin.cli.common.CLICompiler.execImpl(CLICompiler.kt:90)
	at org.jetbrains.kotlin.cli.common.CLICompiler.exec(CLICompiler.kt:352)
	at org.jetbrains.kotlin.incremental.IncrementalJvmCompilerRunnerBase.runCompiler(IncrementalJvmCompilerRunnerBase.kt:175)
	at org.jetbrains.kotlin.incremental.IncrementalJvmCompilerRunnerBase.runCompiler(IncrementalJvmCompilerRunnerBase.kt:38)
	at org.jetbrains.kotlin.incremental.IncrementalCompilerRunner.doCompile(IncrementalCompilerRunner.kt:504)
	at org.jetbrains.kotlin.incremental.IncrementalCompilerRunner.compileImpl(IncrementalCompilerRunner.kt:421)
	at org.jetbrains.kotlin.incremental.IncrementalCompilerRunner.compileNonIncrementally(IncrementalCompilerRunner.kt:306)
	at org.jetbrains.kotlin.incremental.IncrementalCompilerRunner.compile(IncrementalCompilerRunner.kt:133)
	at org.jetbrains.kotlin.daemon.CompileServiceImplBase.execIncrementalCompiler(CompileServiceImpl.kt:679)
	at org.jetbrains.kotlin.daemon.CompileServiceImplBase.access$execIncrementalCompiler(CompileServiceImpl.kt:93)
	at org.jetbrains.kotlin.daemon.CompileServiceImpl.compile(CompileServiceImpl.kt:1806)
	at java.base/jdk.internal.reflect.DirectMethodHandleAccessor.invoke(Unknown Source)
	at java.base/java.lang.reflect.Method.invoke(Unknown Source)
	at java.rmi/sun.rmi.server.UnicastServerRef.dispatch(Unknown Source)
	at java.rmi/sun.rmi.transport.Transport$1.run(Unknown Source)
	at java.rmi/sun.rmi.transport.Transport$1.run(Unknown Source)
	at java.base/java.security.AccessController.doPrivileged(Unknown Source)
	at java.rmi/sun.rmi.transport.Transport.serviceCall(Unknown Source)
	at java.rmi/sun.rmi.transport.tcp.TCPTransport.handleMessages(Unknown Source)
	at java.rmi/sun.rmi.transport.tcp.TCPTransport$ConnectionHandler.run0(Unknown Source)
	at java.rmi/sun.rmi.transport.tcp.TCPTransport$ConnectionHandler.lambda$run$0(Unknown Source)
	at java.base/java.security.AccessController.doPrivileged(Unknown Source)
	at java.rmi/sun.rmi.transport.tcp.TCPTransport$ConnectionHandler.run(Unknown Source)
	at java.base/java.util.concurrent.ThreadPoolExecutor.runWorker(Unknown Source)
	at java.base/java.util.concurrent.ThreadPoolExecutor$Worker.run(Unknown Source)
	at java.base/java.lang.Thread.run(Unknown Source)
Caused by: org.jetbrains.kotlin.codegen.CompilationException: Back-end (JVM) Internal error: Couldn't inline method call: CALL 'public final fun <get-current> (): T of androidx.compose.runtime.CompositionLocal [inline] declared in androidx.compose.runtime.CompositionLocal' type=android.content.Context origin=GET_PROPERTY
Method: null
File is unknown
The root cause java.lang.IllegalStateException was thrown at: org.jetbrains.kotlin.codegen.inline.SourceCompilerForInlineKt.getMethodNode(SourceCompilerForInline.kt:129)
	at org.jetbrains.kotlin.backend.jvm.codegen.IrInlineCodegen.genInlineCall(IrInlineCodegen.kt:82)
	at org.jetbrains.kotlin.backend.jvm.codegen.IrInlineCallGenerator.genCall(IrInlineCallGenerator.kt:36)
	at org.jetbrains.kotlin.backend.jvm.codegen.ExpressionCodegen.visitCall(ExpressionCodegen.kt:586)
	at org.jetbrains.kotlin.backend.jvm.codegen.ExpressionCodegen.visitCall(ExpressionCodegen.kt:135)
	at org.jetbrains.kotlin.ir.expressions.IrCall.accept(IrCall.kt:24)
	at org.jetbrains.kotlin.backend.jvm.codegen.ExpressionCodegen.visitVariable(ExpressionCodegen.kt:725)
	at org.jetbrains.kotlin.backend.jvm.codegen.ExpressionCodegen.visitVariable(ExpressionCodegen.kt:135)
	at org.jetbrains.kotlin.ir.declarations.IrVariable.accept(IrVariable.kt:36)
	at org.jetbrains.kotlin.backend.jvm.codegen.ExpressionCodegen.visitStatementContainer(ExpressionCodegen.kt:527)
	at org.jetbrains.kotlin.backend.jvm.codegen.ExpressionCodegen.visitBlockBody(ExpressionCodegen.kt:532)
	at org.jetbrains.kotlin.backend.jvm.codegen.ExpressionCodegen.visitBlockBody(ExpressionCodegen.kt:135)
	at org.jetbrains.kotlin.ir.expressions.IrBlockBody.accept(IrBlockBody.kt:20)
	at org.jetbrains.kotlin.backend.jvm.codegen.ExpressionCodegen.generate(ExpressionCodegen.kt:233)
	at org.jetbrains.kotlin.backend.jvm.codegen.FunctionCodegen.doGenerate(FunctionCodegen.kt:126)
	at org.jetbrains.kotlin.backend.jvm.codegen.FunctionCodegen.generate(FunctionCodegen.kt:47)
	... 45 more
Caused by: java.lang.IllegalStateException: couldn't find inline method Landroidx/compose/runtime/CompositionLocal;.getCurrent()Ljava/lang/Object;
	at org.jetbrains.kotlin.codegen.inline.SourceCompilerForInlineKt.getMethodNode(SourceCompilerForInline.kt:129)
	at org.jetbrains.kotlin.codegen.inline.SourceCompilerForInlineKt.loadCompiledInlineFunction$lambda$2(SourceCompilerForInline.kt:98)
	at org.jetbrains.kotlin.codegen.inline.InlineCache.computeMethodBytes(InlineCache.kt:90)
	at org.jetbrains.kotlin.codegen.inline.SourceCompilerForInlineKt.loadCompiledInlineFunction(SourceCompilerForInline.kt:93)
	at org.jetbrains.kotlin.backend.jvm.codegen.IrSourceCompilerForInline.compileInlineFunction(IrSourceCompilerForInline.kt:96)
	at org.jetbrains.kotlin.backend.jvm.codegen.IrInlineCodegen.genInlineCall(IrInlineCodegen.kt:65)
	... 59 more


